<?xml version="1.0" encoding="UTF-8"?>
<testsuite xmlns:xsi="http://www.w3.org/2001/XMLSchema-instance" xsi:noNamespaceSchemaLocation="https://maven.apache.org/surefire/maven-surefire-plugin/xsd/surefire-test-report.xsd" name="com.miracle.privapp.PrivappApplicationTests" time="2.519" tests="1" errors="0" skipped="0" failures="0">
  <properties>
    <property name="gopherProxySet" value="false"/>
    <property name="awt.toolkit" value="sun.lwawt.macosx.LWCToolkit"/>
    <property name="file.encoding.pkg" value="sun.io"/>
    <property name="java.specification.version" value="1.8"/>
    <property name="sun.cpu.isalist" value=""/>
    <property name="sun.jnu.encoding" value="UTF-8"/>
    <property name="java.class.path" value="/Users/lishen/IdeaProjects/miracle/miracle-chat-java/privapp/target/test-classes:/Users/lishen/IdeaProjects/miracle/miracle-chat-java/privapp/target/classes:/opt/miracle_Repository/org/springframework/boot/spring-boot-starter/2.7.6/spring-boot-starter-2.7.6.jar:/opt/miracle_Repository/org/springframework/boot/spring-boot/2.7.6/spring-boot-2.7.6.jar:/opt/miracle_Repository/org/springframework/boot/spring-boot-autoconfigure/2.7.6/spring-boot-autoconfigure-2.7.6.jar:/opt/miracle_Repository/org/springframework/boot/spring-boot-starter-logging/2.7.6/spring-boot-starter-logging-2.7.6.jar:/opt/miracle_Repository/ch/qos/logback/logback-classic/1.2.11/logback-classic-1.2.11.jar:/opt/miracle_Repository/ch/qos/logback/logback-core/1.2.11/logback-core-1.2.11.jar:/opt/miracle_Repository/org/apache/logging/log4j/log4j-to-slf4j/2.17.2/log4j-to-slf4j-2.17.2.jar:/opt/miracle_Repository/org/apache/logging/log4j/log4j-api/2.17.2/log4j-api-2.17.2.jar:/opt/miracle_Repository/org/slf4j/jul-to-slf4j/1.7.36/jul-to-slf4j-1.7.36.jar:/opt/miracle_Repository/jakarta/annotation/jakarta.annotation-api/1.3.5/jakarta.annotation-api-1.3.5.jar:/opt/miracle_Repository/org/springframework/spring-core/5.3.24/spring-core-5.3.24.jar:/opt/miracle_Repository/org/springframework/spring-jcl/5.3.24/spring-jcl-5.3.24.jar:/opt/miracle_Repository/org/yaml/snakeyaml/1.30/snakeyaml-1.30.jar:/Users/lishen/IdeaProjects/miracle/miracle-chat-java/domain/target/domain-0.0.1-SNAPSHOT.jar:/Users/lishen/IdeaProjects/miracle/miracle-chat-java/biz/target/biz-0.0.1-SNAPSHOT.jar:/opt/miracle_Repository/org/springframework/spring-context/5.3.24/spring-context-5.3.24.jar:/opt/miracle_Repository/org/springframework/spring-beans/5.3.24/spring-beans-5.3.24.jar:/opt/miracle_Repository/org/springframework/spring-expression/5.3.24/spring-expression-5.3.24.jar:/opt/miracle_Repository/org/springframework/boot/spring-boot-starter-test/2.7.6/spring-boot-starter-test-2.7.6.jar:/opt/miracle_Repository/org/springframework/boot/spring-boot-test/2.7.6/spring-boot-test-2.7.6.jar:/opt/miracle_Repository/org/springframework/boot/spring-boot-test-autoconfigure/2.7.6/spring-boot-test-autoconfigure-2.7.6.jar:/opt/miracle_Repository/com/jayway/jsonpath/json-path/2.7.0/json-path-2.7.0.jar:/opt/miracle_Repository/net/minidev/json-smart/2.4.8/json-smart-2.4.8.jar:/opt/miracle_Repository/net/minidev/accessors-smart/2.4.8/accessors-smart-2.4.8.jar:/opt/miracle_Repository/org/ow2/asm/asm/9.1/asm-9.1.jar:/opt/miracle_Repository/jakarta/xml/bind/jakarta.xml.bind-api/2.3.3/jakarta.xml.bind-api-2.3.3.jar:/opt/miracle_Repository/jakarta/activation/jakarta.activation-api/1.2.2/jakarta.activation-api-1.2.2.jar:/opt/miracle_Repository/org/assertj/assertj-core/3.22.0/assertj-core-3.22.0.jar:/opt/miracle_Repository/org/hamcrest/hamcrest/2.2/hamcrest-2.2.jar:/opt/miracle_Repository/org/junit/jupiter/junit-jupiter/5.8.2/junit-jupiter-5.8.2.jar:/opt/miracle_Repository/org/junit/jupiter/junit-jupiter-api/5.8.2/junit-jupiter-api-5.8.2.jar:/opt/miracle_Repository/org/opentest4j/opentest4j/1.2.0/opentest4j-1.2.0.jar:/opt/miracle_Repository/org/junit/platform/junit-platform-commons/1.8.2/junit-platform-commons-1.8.2.jar:/opt/miracle_Repository/org/apiguardian/apiguardian-api/1.1.2/apiguardian-api-1.1.2.jar:/opt/miracle_Repository/org/junit/jupiter/junit-jupiter-params/5.8.2/junit-jupiter-params-5.8.2.jar:/opt/miracle_Repository/org/junit/jupiter/junit-jupiter-engine/5.8.2/junit-jupiter-engine-5.8.2.jar:/opt/miracle_Repository/org/junit/platform/junit-platform-engine/1.8.2/junit-platform-engine-1.8.2.jar:/opt/miracle_Repository/org/mockito/mockito-core/4.5.1/mockito-core-4.5.1.jar:/opt/miracle_Repository/net/bytebuddy/byte-buddy/1.12.19/byte-buddy-1.12.19.jar:/opt/miracle_Repository/net/bytebuddy/byte-buddy-agent/1.12.19/byte-buddy-agent-1.12.19.jar:/opt/miracle_Repository/org/objenesis/objenesis/3.2/objenesis-3.2.jar:/opt/miracle_Repository/org/mockito/mockito-junit-jupiter/4.5.1/mockito-junit-jupiter-4.5.1.jar:/opt/miracle_Repository/org/skyscreamer/jsonassert/1.5.1/jsonassert-1.5.1.jar:/opt/miracle_Repository/com/vaadin/external/google/android-json/0.0.20131108.vaadin1/android-json-0.0.20131108.vaadin1.jar:/opt/miracle_Repository/org/springframework/spring-test/5.3.24/spring-test-5.3.24.jar:/opt/miracle_Repository/org/xmlunit/xmlunit-core/2.9.0/xmlunit-core-2.9.0.jar:/opt/miracle_Repository/org/springframework/boot/spring-boot-starter-jdbc/2.7.6/spring-boot-starter-jdbc-2.7.6.jar:/opt/miracle_Repository/com/zaxxer/HikariCP/4.0.3/HikariCP-4.0.3.jar:/opt/miracle_Repository/org/springframework/spring-jdbc/5.3.24/spring-jdbc-5.3.24.jar:/opt/miracle_Repository/org/springframework/spring-tx/5.3.24/spring-tx-5.3.24.jar:/opt/miracle_Repository/org/springframework/boot/spring-boot-starter-web/2.7.6/spring-boot-starter-web-2.7.6.jar:/opt/miracle_Repository/org/springframework/boot/spring-boot-starter-json/2.7.6/spring-boot-starter-json-2.7.6.jar:/opt/miracle_Repository/com/fasterxml/jackson/datatype/jackson-datatype-jdk8/2.13.4/jackson-datatype-jdk8-2.13.4.jar:/opt/miracle_Repository/com/fasterxml/jackson/datatype/jackson-datatype-jsr310/2.13.4/jackson-datatype-jsr310-2.13.4.jar:/opt/miracle_Repository/com/fasterxml/jackson/module/jackson-module-parameter-names/2.13.4/jackson-module-parameter-names-2.13.4.jar:/opt/miracle_Repository/org/springframework/boot/spring-boot-starter-tomcat/2.7.6/spring-boot-starter-tomcat-2.7.6.jar:/opt/miracle_Repository/org/apache/tomcat/embed/tomcat-embed-core/9.0.69/tomcat-embed-core-9.0.69.jar:/opt/miracle_Repository/org/apache/tomcat/embed/tomcat-embed-el/9.0.69/tomcat-embed-el-9.0.69.jar:/opt/miracle_Repository/org/apache/tomcat/embed/tomcat-embed-websocket/9.0.69/tomcat-embed-websocket-9.0.69.jar:/opt/miracle_Repository/org/springframework/spring-web/5.3.24/spring-web-5.3.24.jar:/opt/miracle_Repository/org/springframework/spring-webmvc/5.3.24/spring-webmvc-5.3.24.jar:/opt/miracle_Repository/com/unfbx/chatgpt-java/1.0.15/chatgpt-java-1.0.15.jar:/opt/miracle_Repository/org/slf4j/slf4j-api/1.7.36/slf4j-api-1.7.36.jar:/opt/miracle_Repository/com/fasterxml/jackson/core/jackson-databind/2.13.4.2/jackson-databind-2.13.4.2.jar:/opt/miracle_Repository/com/fasterxml/jackson/core/jackson-annotations/2.13.4/jackson-annotations-2.13.4.jar:/opt/miracle_Repository/cn/hutool/hutool-all/5.8.12/hutool-all-5.8.12.jar:/opt/miracle_Repository/com/squareup/okhttp3/okhttp-sse/4.9.3/okhttp-sse-4.9.3.jar:/opt/miracle_Repository/com/squareup/okhttp3/okhttp/4.9.3/okhttp-4.9.3.jar:/opt/miracle_Repository/com/squareup/okio/okio/2.8.0/okio-2.8.0.jar:/opt/miracle_Repository/org/jetbrains/kotlin/kotlin-stdlib-common/1.6.21/kotlin-stdlib-common-1.6.21.jar:/opt/miracle_Repository/org/jetbrains/kotlin/kotlin-stdlib/1.6.21/kotlin-stdlib-1.6.21.jar:/opt/miracle_Repository/org/jetbrains/kotlin/kotlin-stdlib-jdk8/1.6.21/kotlin-stdlib-jdk8-1.6.21.jar:/opt/miracle_Repository/org/jetbrains/kotlin/kotlin-stdlib-jdk7/1.6.21/kotlin-stdlib-jdk7-1.6.21.jar:/opt/miracle_Repository/com/squareup/okhttp3/logging-interceptor/4.9.3/logging-interceptor-4.9.3.jar:/opt/miracle_Repository/com/squareup/retrofit2/retrofit/2.9.0/retrofit-2.9.0.jar:/opt/miracle_Repository/com/squareup/retrofit2/converter-jackson/2.9.0/converter-jackson-2.9.0.jar:/opt/miracle_Repository/com/squareup/retrofit2/adapter-rxjava2/2.9.0/adapter-rxjava2-2.9.0.jar:/opt/miracle_Repository/io/reactivex/rxjava2/rxjava/2.2.21/rxjava-2.2.21.jar:/opt/miracle_Repository/org/reactivestreams/reactive-streams/1.0.4/reactive-streams-1.0.4.jar:/opt/miracle_Repository/org/jetbrains/annotations/24.0.1/annotations-24.0.1.jar:/opt/miracle_Repository/com/knuddels/jtokkit/0.5.0/jtokkit-0.5.0.jar:/opt/miracle_Repository/com/baomidou/mybatis-plus-boot-starter/3.5.2/mybatis-plus-boot-starter-3.5.2.jar:/opt/miracle_Repository/com/baomidou/mybatis-plus/3.5.2/mybatis-plus-3.5.2.jar:/opt/miracle_Repository/com/baomidou/mybatis-plus-extension/3.5.2/mybatis-plus-extension-3.5.2.jar:/opt/miracle_Repository/com/baomidou/mybatis-plus-core/3.5.2/mybatis-plus-core-3.5.2.jar:/opt/miracle_Repository/com/baomidou/mybatis-plus-annotation/3.5.2/mybatis-plus-annotation-3.5.2.jar:/opt/miracle_Repository/com/github/jsqlparser/jsqlparser/4.4/jsqlparser-4.4.jar:/opt/miracle_Repository/org/mybatis/mybatis/3.5.10/mybatis-3.5.10.jar:/opt/miracle_Repository/org/mybatis/mybatis-spring/2.0.7/mybatis-spring-2.0.7.jar:/opt/miracle_Repository/com/alibaba/druid-spring-boot-starter/1.2.3/druid-spring-boot-starter-1.2.3.jar:/opt/miracle_Repository/com/alibaba/druid/1.2.3/druid-1.2.3.jar:/opt/miracle_Repository/com/mysql/mysql-connector-j/8.0.33/mysql-connector-j-8.0.33.jar:/opt/miracle_Repository/org/springframework/boot/spring-boot-starter-aop/2.7.6/spring-boot-starter-aop-2.7.6.jar:/opt/miracle_Repository/org/springframework/spring-aop/5.3.24/spring-aop-5.3.24.jar:/opt/miracle_Repository/org/aspectj/aspectjweaver/1.9.7/aspectjweaver-1.9.7.jar:/opt/miracle_Repository/org/apache/httpcomponents/httpclient/4.5.13/httpclient-4.5.13.jar:/opt/miracle_Repository/org/apache/httpcomponents/httpcore/4.4.15/httpcore-4.4.15.jar:/opt/miracle_Repository/commons-codec/commons-codec/1.15/commons-codec-1.15.jar:/opt/miracle_Repository/com/google/cloud/google-cloud-translate/2.3.0/google-cloud-translate-2.3.0.jar:/opt/miracle_Repository/io/grpc/grpc-api/1.47.0/grpc-api-1.47.0.jar:/opt/miracle_Repository/io/grpc/grpc-context/1.47.0/grpc-context-1.47.0.jar:/opt/miracle_Repository/com/google/code/findbugs/jsr305/3.0.2/jsr305-3.0.2.jar:/opt/miracle_Repository/com/google/errorprone/error_prone_annotations/2.14.0/error_prone_annotations-2.14.0.jar:/opt/miracle_Repository/io/grpc/grpc-stub/1.47.0/grpc-stub-1.47.0.jar:/opt/miracle_Repository/io/grpc/grpc-protobuf/1.47.0/grpc-protobuf-1.47.0.jar:/opt/miracle_Repository/io/grpc/grpc-protobuf-lite/1.47.0/grpc-protobuf-lite-1.47.0.jar:/opt/miracle_Repository/com/google/api/api-common/2.2.1/api-common-2.2.1.jar:/opt/miracle_Repository/javax/annotation/javax.annotation-api/1.3.2/javax.annotation-api-1.3.2.jar:/opt/miracle_Repository/com/google/protobuf/protobuf-java/3.21.1/protobuf-java-3.21.1.jar:/opt/miracle_Repository/com/google/api/grpc/proto-google-common-protos/2.9.0/proto-google-common-protos-2.9.0.jar:/opt/miracle_Repository/com/google/api/grpc/proto-google-cloud-translate-v3beta1/0.85.0/proto-google-cloud-translate-v3beta1-0.85.0.jar:/opt/miracle_Repository/com/google/api/grpc/proto-google-cloud-translate-v3/2.3.0/proto-google-cloud-translate-v3-2.3.0.jar:/opt/miracle_Repository/com/google/guava/guava/31.1-jre/guava-31.1-jre.jar:/opt/miracle_Repository/com/google/guava/failureaccess/1.0.1/failureaccess-1.0.1.jar:/opt/miracle_Repository/com/google/guava/listenablefuture/9999.0-empty-to-avoid-conflict-with-guava/listenablefuture-9999.0-empty-to-avoid-conflict-with-guava.jar:/opt/miracle_Repository/org/checkerframework/checker-qual/3.22.2/checker-qual-3.22.2.jar:/opt/miracle_Repository/com/google/j2objc/j2objc-annotations/1.3/j2objc-annotations-1.3.jar:/opt/miracle_Repository/com/google/api/gax/2.18.2/gax-2.18.2.jar:/opt/miracle_Repository/com/google/api/gax-grpc/2.18.2/gax-grpc-2.18.2.jar:/opt/miracle_Repository/io/grpc/grpc-alts/1.47.0/grpc-alts-1.47.0.jar:/opt/miracle_Repository/io/grpc/grpc-grpclb/1.47.0/grpc-grpclb-1.47.0.jar:/opt/miracle_Repository/org/conscrypt/conscrypt-openjdk-uber/2.5.1/conscrypt-openjdk-uber-2.5.1.jar:/opt/miracle_Repository/io/grpc/grpc-auth/1.47.0/grpc-auth-1.47.0.jar:/opt/miracle_Repository/io/grpc/grpc-netty-shaded/1.47.0/grpc-netty-shaded-1.47.0.jar:/opt/miracle_Repository/io/perfmark/perfmark-api/0.25.0/perfmark-api-0.25.0.jar:/opt/miracle_Repository/io/grpc/grpc-core/1.47.0/grpc-core-1.47.0.jar:/opt/miracle_Repository/com/google/android/annotations/4.1.1.4/annotations-4.1.1.4.jar:/opt/miracle_Repository/org/codehaus/mojo/animal-sniffer-annotations/1.21/animal-sniffer-annotations-1.21.jar:/opt/miracle_Repository/io/grpc/grpc-googleapis/1.47.0/grpc-googleapis-1.47.0.jar:/opt/miracle_Repository/io/grpc/grpc-xds/1.47.0/grpc-xds-1.47.0.jar:/opt/miracle_Repository/io/grpc/grpc-services/1.47.0/grpc-services-1.47.0.jar:/opt/miracle_Repository/com/google/re2j/re2j/1.5/re2j-1.5.jar:/opt/miracle_Repository/org/bouncycastle/bcpkix-jdk15on/1.67/bcpkix-jdk15on-1.67.jar:/opt/miracle_Repository/org/bouncycastle/bcprov-jdk15on/1.67/bcprov-jdk15on-1.67.jar:/opt/miracle_Repository/io/opencensus/opencensus-proto/0.2.0/opencensus-proto-0.2.0.jar:/opt/miracle_Repository/com/google/api/gax-httpjson/0.103.2/gax-httpjson-0.103.2.jar:/opt/miracle_Repository/com/google/code/gson/gson/2.9.1/gson-2.9.1.jar:/opt/miracle_Repository/org/threeten/threetenbp/1.6.0/threetenbp-1.6.0.jar:/opt/miracle_Repository/com/google/cloud/google-cloud-core/2.8.0/google-cloud-core-2.8.0.jar:/opt/miracle_Repository/com/google/auto/value/auto-value-annotations/1.9/auto-value-annotations-1.9.jar:/opt/miracle_Repository/com/google/protobuf/protobuf-java-util/3.21.1/protobuf-java-util-3.21.1.jar:/opt/miracle_Repository/com/google/api/grpc/proto-google-iam-v1/1.4.1/proto-google-iam-v1-1.4.1.jar:/opt/miracle_Repository/com/google/http-client/google-http-client-gson/1.42.0/google-http-client-gson-1.42.0.jar:/opt/miracle_Repository/com/google/cloud/google-cloud-core-http/2.8.0/google-cloud-core-http-2.8.0.jar:/opt/miracle_Repository/com/google/api-client/google-api-client/1.35.1/google-api-client-1.35.1.jar:/opt/miracle_Repository/com/google/oauth-client/google-oauth-client/1.34.1/google-oauth-client-1.34.1.jar:/opt/miracle_Repository/com/google/http-client/google-http-client-apache-v2/1.42.0/google-http-client-apache-v2-1.42.0.jar:/opt/miracle_Repository/com/google/http-client/google-http-client-appengine/1.42.0/google-http-client-appengine-1.42.0.jar:/opt/miracle_Repository/io/opencensus/opencensus-api/0.31.1/opencensus-api-0.31.1.jar:/opt/miracle_Repository/io/opencensus/opencensus-contrib-http-util/0.31.1/opencensus-contrib-http-util-0.31.1.jar:/opt/miracle_Repository/com/google/apis/google-api-services-translate/v2-rev20170525-1.32.1/google-api-services-translate-v2-rev20170525-1.32.1.jar:/opt/miracle_Repository/com/google/auth/google-auth-library-credentials/1.7.0/google-auth-library-credentials-1.7.0.jar:/opt/miracle_Repository/com/google/auth/google-auth-library-oauth2-http/1.7.0/google-auth-library-oauth2-http-1.7.0.jar:/opt/miracle_Repository/com/google/http-client/google-http-client/1.42.0/google-http-client-1.42.0.jar:/opt/miracle_Repository/commons-logging/commons-logging/1.2/commons-logging-1.2.jar:/opt/miracle_Repository/com/google/http-client/google-http-client-jackson2/1.42.0/google-http-client-jackson2-1.42.0.jar:/opt/miracle_Repository/com/fasterxml/jackson/core/jackson-core/2.13.4/jackson-core-2.13.4.jar:/opt/miracle_Repository/org/springframework/boot/spring-boot-devtools/2.7.6/spring-boot-devtools-2.7.6.jar:/opt/miracle_Repository/org/projectlombok/lombok/1.18.24/lombok-1.18.24.jar:"/>
    <property name="java.vm.vendor" value="Azul Systems, Inc."/>
    <property name="sun.arch.data.model" value="64"/>
    <property name="java.vendor.url" value="http://www.azul.com/"/>
    <property name="user.timezone" value=""/>
    <property name="java.vm.specification.version" value="1.8"/>
    <property name="os.name" value="Mac OS X"/>
    <property name="user.country" value="CN"/>
    <property name="sun.java.launcher" value="SUN_STANDARD"/>
    <property name="sun.boot.library.path" value="/Library/Java/JavaVirtualMachines/zulu-8.jdk/Contents/Home/jre/lib"/>
    <property name="sun.java.command" value="/Users/lishen/IdeaProjects/miracle/miracle-chat-java/privapp/target/surefire/surefirebooter2874501924524912942.jar /Users/lishen/IdeaProjects/miracle/miracle-chat-java/privapp/target/surefire 2023-08-06T16-43-46_557-jvmRun1 surefire7038633560279468026tmp surefire_01304226940274484192tmp"/>
    <property name="surefire.test.class.path" value="/Users/lishen/IdeaProjects/miracle/miracle-chat-java/privapp/target/test-classes:/Users/lishen/IdeaProjects/miracle/miracle-chat-java/privapp/target/classes:/opt/miracle_Repository/org/springframework/boot/spring-boot-starter/2.7.6/spring-boot-starter-2.7.6.jar:/opt/miracle_Repository/org/springframework/boot/spring-boot/2.7.6/spring-boot-2.7.6.jar:/opt/miracle_Repository/org/springframework/boot/spring-boot-autoconfigure/2.7.6/spring-boot-autoconfigure-2.7.6.jar:/opt/miracle_Repository/org/springframework/boot/spring-boot-starter-logging/2.7.6/spring-boot-starter-logging-2.7.6.jar:/opt/miracle_Repository/ch/qos/logback/logback-classic/1.2.11/logback-classic-1.2.11.jar:/opt/miracle_Repository/ch/qos/logback/logback-core/1.2.11/logback-core-1.2.11.jar:/opt/miracle_Repository/org/apache/logging/log4j/log4j-to-slf4j/2.17.2/log4j-to-slf4j-2.17.2.jar:/opt/miracle_Repository/org/apache/logging/log4j/log4j-api/2.17.2/log4j-api-2.17.2.jar:/opt/miracle_Repository/org/slf4j/jul-to-slf4j/1.7.36/jul-to-slf4j-1.7.36.jar:/opt/miracle_Repository/jakarta/annotation/jakarta.annotation-api/1.3.5/jakarta.annotation-api-1.3.5.jar:/opt/miracle_Repository/org/springframework/spring-core/5.3.24/spring-core-5.3.24.jar:/opt/miracle_Repository/org/springframework/spring-jcl/5.3.24/spring-jcl-5.3.24.jar:/opt/miracle_Repository/org/yaml/snakeyaml/1.30/snakeyaml-1.30.jar:/Users/lishen/IdeaProjects/miracle/miracle-chat-java/domain/target/domain-0.0.1-SNAPSHOT.jar:/Users/lishen/IdeaProjects/miracle/miracle-chat-java/biz/target/biz-0.0.1-SNAPSHOT.jar:/opt/miracle_Repository/org/springframework/spring-context/5.3.24/spring-context-5.3.24.jar:/opt/miracle_Repository/org/springframework/spring-beans/5.3.24/spring-beans-5.3.24.jar:/opt/miracle_Repository/org/springframework/spring-expression/5.3.24/spring-expression-5.3.24.jar:/opt/miracle_Repository/org/springframework/boot/spring-boot-starter-test/2.7.6/spring-boot-starter-test-2.7.6.jar:/opt/miracle_Repository/org/springframework/boot/spring-boot-test/2.7.6/spring-boot-test-2.7.6.jar:/opt/miracle_Repository/org/springframework/boot/spring-boot-test-autoconfigure/2.7.6/spring-boot-test-autoconfigure-2.7.6.jar:/opt/miracle_Repository/com/jayway/jsonpath/json-path/2.7.0/json-path-2.7.0.jar:/opt/miracle_Repository/net/minidev/json-smart/2.4.8/json-smart-2.4.8.jar:/opt/miracle_Repository/net/minidev/accessors-smart/2.4.8/accessors-smart-2.4.8.jar:/opt/miracle_Repository/org/ow2/asm/asm/9.1/asm-9.1.jar:/opt/miracle_Repository/jakarta/xml/bind/jakarta.xml.bind-api/2.3.3/jakarta.xml.bind-api-2.3.3.jar:/opt/miracle_Repository/jakarta/activation/jakarta.activation-api/1.2.2/jakarta.activation-api-1.2.2.jar:/opt/miracle_Repository/org/assertj/assertj-core/3.22.0/assertj-core-3.22.0.jar:/opt/miracle_Repository/org/hamcrest/hamcrest/2.2/hamcrest-2.2.jar:/opt/miracle_Repository/org/junit/jupiter/junit-jupiter/5.8.2/junit-jupiter-5.8.2.jar:/opt/miracle_Repository/org/junit/jupiter/junit-jupiter-api/5.8.2/junit-jupiter-api-5.8.2.jar:/opt/miracle_Repository/org/opentest4j/opentest4j/1.2.0/opentest4j-1.2.0.jar:/opt/miracle_Repository/org/junit/platform/junit-platform-commons/1.8.2/junit-platform-commons-1.8.2.jar:/opt/miracle_Repository/org/apiguardian/apiguardian-api/1.1.2/apiguardian-api-1.1.2.jar:/opt/miracle_Repository/org/junit/jupiter/junit-jupiter-params/5.8.2/junit-jupiter-params-5.8.2.jar:/opt/miracle_Repository/org/junit/jupiter/junit-jupiter-engine/5.8.2/junit-jupiter-engine-5.8.2.jar:/opt/miracle_Repository/org/junit/platform/junit-platform-engine/1.8.2/junit-platform-engine-1.8.2.jar:/opt/miracle_Repository/org/mockito/mockito-core/4.5.1/mockito-core-4.5.1.jar:/opt/miracle_Repository/net/bytebuddy/byte-buddy/1.12.19/byte-buddy-1.12.19.jar:/opt/miracle_Repository/net/bytebuddy/byte-buddy-agent/1.12.19/byte-buddy-agent-1.12.19.jar:/opt/miracle_Repository/org/objenesis/objenesis/3.2/objenesis-3.2.jar:/opt/miracle_Repository/org/mockito/mockito-junit-jupiter/4.5.1/mockito-junit-jupiter-4.5.1.jar:/opt/miracle_Repository/org/skyscreamer/jsonassert/1.5.1/jsonassert-1.5.1.jar:/opt/miracle_Repository/com/vaadin/external/google/android-json/0.0.20131108.vaadin1/android-json-0.0.20131108.vaadin1.jar:/opt/miracle_Repository/org/springframework/spring-test/5.3.24/spring-test-5.3.24.jar:/opt/miracle_Repository/org/xmlunit/xmlunit-core/2.9.0/xmlunit-core-2.9.0.jar:/opt/miracle_Repository/org/springframework/boot/spring-boot-starter-jdbc/2.7.6/spring-boot-starter-jdbc-2.7.6.jar:/opt/miracle_Repository/com/zaxxer/HikariCP/4.0.3/HikariCP-4.0.3.jar:/opt/miracle_Repository/org/springframework/spring-jdbc/5.3.24/spring-jdbc-5.3.24.jar:/opt/miracle_Repository/org/springframework/spring-tx/5.3.24/spring-tx-5.3.24.jar:/opt/miracle_Repository/org/springframework/boot/spring-boot-starter-web/2.7.6/spring-boot-starter-web-2.7.6.jar:/opt/miracle_Repository/org/springframework/boot/spring-boot-starter-json/2.7.6/spring-boot-starter-json-2.7.6.jar:/opt/miracle_Repository/com/fasterxml/jackson/datatype/jackson-datatype-jdk8/2.13.4/jackson-datatype-jdk8-2.13.4.jar:/opt/miracle_Repository/com/fasterxml/jackson/datatype/jackson-datatype-jsr310/2.13.4/jackson-datatype-jsr310-2.13.4.jar:/opt/miracle_Repository/com/fasterxml/jackson/module/jackson-module-parameter-names/2.13.4/jackson-module-parameter-names-2.13.4.jar:/opt/miracle_Repository/org/springframework/boot/spring-boot-starter-tomcat/2.7.6/spring-boot-starter-tomcat-2.7.6.jar:/opt/miracle_Repository/org/apache/tomcat/embed/tomcat-embed-core/9.0.69/tomcat-embed-core-9.0.69.jar:/opt/miracle_Repository/org/apache/tomcat/embed/tomcat-embed-el/9.0.69/tomcat-embed-el-9.0.69.jar:/opt/miracle_Repository/org/apache/tomcat/embed/tomcat-embed-websocket/9.0.69/tomcat-embed-websocket-9.0.69.jar:/opt/miracle_Repository/org/springframework/spring-web/5.3.24/spring-web-5.3.24.jar:/opt/miracle_Repository/org/springframework/spring-webmvc/5.3.24/spring-webmvc-5.3.24.jar:/opt/miracle_Repository/com/unfbx/chatgpt-java/1.0.15/chatgpt-java-1.0.15.jar:/opt/miracle_Repository/org/slf4j/slf4j-api/1.7.36/slf4j-api-1.7.36.jar:/opt/miracle_Repository/com/fasterxml/jackson/core/jackson-databind/2.13.4.2/jackson-databind-2.13.4.2.jar:/opt/miracle_Repository/com/fasterxml/jackson/core/jackson-annotations/2.13.4/jackson-annotations-2.13.4.jar:/opt/miracle_Repository/cn/hutool/hutool-all/5.8.12/hutool-all-5.8.12.jar:/opt/miracle_Repository/com/squareup/okhttp3/okhttp-sse/4.9.3/okhttp-sse-4.9.3.jar:/opt/miracle_Repository/com/squareup/okhttp3/okhttp/4.9.3/okhttp-4.9.3.jar:/opt/miracle_Repository/com/squareup/okio/okio/2.8.0/okio-2.8.0.jar:/opt/miracle_Repository/org/jetbrains/kotlin/kotlin-stdlib-common/1.6.21/kotlin-stdlib-common-1.6.21.jar:/opt/miracle_Repository/org/jetbrains/kotlin/kotlin-stdlib/1.6.21/kotlin-stdlib-1.6.21.jar:/opt/miracle_Repository/org/jetbrains/kotlin/kotlin-stdlib-jdk8/1.6.21/kotlin-stdlib-jdk8-1.6.21.jar:/opt/miracle_Repository/org/jetbrains/kotlin/kotlin-stdlib-jdk7/1.6.21/kotlin-stdlib-jdk7-1.6.21.jar:/opt/miracle_Repository/com/squareup/okhttp3/logging-interceptor/4.9.3/logging-interceptor-4.9.3.jar:/opt/miracle_Repository/com/squareup/retrofit2/retrofit/2.9.0/retrofit-2.9.0.jar:/opt/miracle_Repository/com/squareup/retrofit2/converter-jackson/2.9.0/converter-jackson-2.9.0.jar:/opt/miracle_Repository/com/squareup/retrofit2/adapter-rxjava2/2.9.0/adapter-rxjava2-2.9.0.jar:/opt/miracle_Repository/io/reactivex/rxjava2/rxjava/2.2.21/rxjava-2.2.21.jar:/opt/miracle_Repository/org/reactivestreams/reactive-streams/1.0.4/reactive-streams-1.0.4.jar:/opt/miracle_Repository/org/jetbrains/annotations/24.0.1/annotations-24.0.1.jar:/opt/miracle_Repository/com/knuddels/jtokkit/0.5.0/jtokkit-0.5.0.jar:/opt/miracle_Repository/com/baomidou/mybatis-plus-boot-starter/3.5.2/mybatis-plus-boot-starter-3.5.2.jar:/opt/miracle_Repository/com/baomidou/mybatis-plus/3.5.2/mybatis-plus-3.5.2.jar:/opt/miracle_Repository/com/baomidou/mybatis-plus-extension/3.5.2/mybatis-plus-extension-3.5.2.jar:/opt/miracle_Repository/com/baomidou/mybatis-plus-core/3.5.2/mybatis-plus-core-3.5.2.jar:/opt/miracle_Repository/com/baomidou/mybatis-plus-annotation/3.5.2/mybatis-plus-annotation-3.5.2.jar:/opt/miracle_Repository/com/github/jsqlparser/jsqlparser/4.4/jsqlparser-4.4.jar:/opt/miracle_Repository/org/mybatis/mybatis/3.5.10/mybatis-3.5.10.jar:/opt/miracle_Repository/org/mybatis/mybatis-spring/2.0.7/mybatis-spring-2.0.7.jar:/opt/miracle_Repository/com/alibaba/druid-spring-boot-starter/1.2.3/druid-spring-boot-starter-1.2.3.jar:/opt/miracle_Repository/com/alibaba/druid/1.2.3/druid-1.2.3.jar:/opt/miracle_Repository/com/mysql/mysql-connector-j/8.0.33/mysql-connector-j-8.0.33.jar:/opt/miracle_Repository/org/springframework/boot/spring-boot-starter-aop/2.7.6/spring-boot-starter-aop-2.7.6.jar:/opt/miracle_Repository/org/springframework/spring-aop/5.3.24/spring-aop-5.3.24.jar:/opt/miracle_Repository/org/aspectj/aspectjweaver/1.9.7/aspectjweaver-1.9.7.jar:/opt/miracle_Repository/org/apache/httpcomponents/httpclient/4.5.13/httpclient-4.5.13.jar:/opt/miracle_Repository/org/apache/httpcomponents/httpcore/4.4.15/httpcore-4.4.15.jar:/opt/miracle_Repository/commons-codec/commons-codec/1.15/commons-codec-1.15.jar:/opt/miracle_Repository/com/google/cloud/google-cloud-translate/2.3.0/google-cloud-translate-2.3.0.jar:/opt/miracle_Repository/io/grpc/grpc-api/1.47.0/grpc-api-1.47.0.jar:/opt/miracle_Repository/io/grpc/grpc-context/1.47.0/grpc-context-1.47.0.jar:/opt/miracle_Repository/com/google/code/findbugs/jsr305/3.0.2/jsr305-3.0.2.jar:/opt/miracle_Repository/com/google/errorprone/error_prone_annotations/2.14.0/error_prone_annotations-2.14.0.jar:/opt/miracle_Repository/io/grpc/grpc-stub/1.47.0/grpc-stub-1.47.0.jar:/opt/miracle_Repository/io/grpc/grpc-protobuf/1.47.0/grpc-protobuf-1.47.0.jar:/opt/miracle_Repository/io/grpc/grpc-protobuf-lite/1.47.0/grpc-protobuf-lite-1.47.0.jar:/opt/miracle_Repository/com/google/api/api-common/2.2.1/api-common-2.2.1.jar:/opt/miracle_Repository/javax/annotation/javax.annotation-api/1.3.2/javax.annotation-api-1.3.2.jar:/opt/miracle_Repository/com/google/protobuf/protobuf-java/3.21.1/protobuf-java-3.21.1.jar:/opt/miracle_Repository/com/google/api/grpc/proto-google-common-protos/2.9.0/proto-google-common-protos-2.9.0.jar:/opt/miracle_Repository/com/google/api/grpc/proto-google-cloud-translate-v3beta1/0.85.0/proto-google-cloud-translate-v3beta1-0.85.0.jar:/opt/miracle_Repository/com/google/api/grpc/proto-google-cloud-translate-v3/2.3.0/proto-google-cloud-translate-v3-2.3.0.jar:/opt/miracle_Repository/com/google/guava/guava/31.1-jre/guava-31.1-jre.jar:/opt/miracle_Repository/com/google/guava/failureaccess/1.0.1/failureaccess-1.0.1.jar:/opt/miracle_Repository/com/google/guava/listenablefuture/9999.0-empty-to-avoid-conflict-with-guava/listenablefuture-9999.0-empty-to-avoid-conflict-with-guava.jar:/opt/miracle_Repository/org/checkerframework/checker-qual/3.22.2/checker-qual-3.22.2.jar:/opt/miracle_Repository/com/google/j2objc/j2objc-annotations/1.3/j2objc-annotations-1.3.jar:/opt/miracle_Repository/com/google/api/gax/2.18.2/gax-2.18.2.jar:/opt/miracle_Repository/com/google/api/gax-grpc/2.18.2/gax-grpc-2.18.2.jar:/opt/miracle_Repository/io/grpc/grpc-alts/1.47.0/grpc-alts-1.47.0.jar:/opt/miracle_Repository/io/grpc/grpc-grpclb/1.47.0/grpc-grpclb-1.47.0.jar:/opt/miracle_Repository/org/conscrypt/conscrypt-openjdk-uber/2.5.1/conscrypt-openjdk-uber-2.5.1.jar:/opt/miracle_Repository/io/grpc/grpc-auth/1.47.0/grpc-auth-1.47.0.jar:/opt/miracle_Repository/io/grpc/grpc-netty-shaded/1.47.0/grpc-netty-shaded-1.47.0.jar:/opt/miracle_Repository/io/perfmark/perfmark-api/0.25.0/perfmark-api-0.25.0.jar:/opt/miracle_Repository/io/grpc/grpc-core/1.47.0/grpc-core-1.47.0.jar:/opt/miracle_Repository/com/google/android/annotations/4.1.1.4/annotations-4.1.1.4.jar:/opt/miracle_Repository/org/codehaus/mojo/animal-sniffer-annotations/1.21/animal-sniffer-annotations-1.21.jar:/opt/miracle_Repository/io/grpc/grpc-googleapis/1.47.0/grpc-googleapis-1.47.0.jar:/opt/miracle_Repository/io/grpc/grpc-xds/1.47.0/grpc-xds-1.47.0.jar:/opt/miracle_Repository/io/grpc/grpc-services/1.47.0/grpc-services-1.47.0.jar:/opt/miracle_Repository/com/google/re2j/re2j/1.5/re2j-1.5.jar:/opt/miracle_Repository/org/bouncycastle/bcpkix-jdk15on/1.67/bcpkix-jdk15on-1.67.jar:/opt/miracle_Repository/org/bouncycastle/bcprov-jdk15on/1.67/bcprov-jdk15on-1.67.jar:/opt/miracle_Repository/io/opencensus/opencensus-proto/0.2.0/opencensus-proto-0.2.0.jar:/opt/miracle_Repository/com/google/api/gax-httpjson/0.103.2/gax-httpjson-0.103.2.jar:/opt/miracle_Repository/com/google/code/gson/gson/2.9.1/gson-2.9.1.jar:/opt/miracle_Repository/org/threeten/threetenbp/1.6.0/threetenbp-1.6.0.jar:/opt/miracle_Repository/com/google/cloud/google-cloud-core/2.8.0/google-cloud-core-2.8.0.jar:/opt/miracle_Repository/com/google/auto/value/auto-value-annotations/1.9/auto-value-annotations-1.9.jar:/opt/miracle_Repository/com/google/protobuf/protobuf-java-util/3.21.1/protobuf-java-util-3.21.1.jar:/opt/miracle_Repository/com/google/api/grpc/proto-google-iam-v1/1.4.1/proto-google-iam-v1-1.4.1.jar:/opt/miracle_Repository/com/google/http-client/google-http-client-gson/1.42.0/google-http-client-gson-1.42.0.jar:/opt/miracle_Repository/com/google/cloud/google-cloud-core-http/2.8.0/google-cloud-core-http-2.8.0.jar:/opt/miracle_Repository/com/google/api-client/google-api-client/1.35.1/google-api-client-1.35.1.jar:/opt/miracle_Repository/com/google/oauth-client/google-oauth-client/1.34.1/google-oauth-client-1.34.1.jar:/opt/miracle_Repository/com/google/http-client/google-http-client-apache-v2/1.42.0/google-http-client-apache-v2-1.42.0.jar:/opt/miracle_Repository/com/google/http-client/google-http-client-appengine/1.42.0/google-http-client-appengine-1.42.0.jar:/opt/miracle_Repository/io/opencensus/opencensus-api/0.31.1/opencensus-api-0.31.1.jar:/opt/miracle_Repository/io/opencensus/opencensus-contrib-http-util/0.31.1/opencensus-contrib-http-util-0.31.1.jar:/opt/miracle_Repository/com/google/apis/google-api-services-translate/v2-rev20170525-1.32.1/google-api-services-translate-v2-rev20170525-1.32.1.jar:/opt/miracle_Repository/com/google/auth/google-auth-library-credentials/1.7.0/google-auth-library-credentials-1.7.0.jar:/opt/miracle_Repository/com/google/auth/google-auth-library-oauth2-http/1.7.0/google-auth-library-oauth2-http-1.7.0.jar:/opt/miracle_Repository/com/google/http-client/google-http-client/1.42.0/google-http-client-1.42.0.jar:/opt/miracle_Repository/commons-logging/commons-logging/1.2/commons-logging-1.2.jar:/opt/miracle_Repository/com/google/http-client/google-http-client-jackson2/1.42.0/google-http-client-jackson2-1.42.0.jar:/opt/miracle_Repository/com/fasterxml/jackson/core/jackson-core/2.13.4/jackson-core-2.13.4.jar:/opt/miracle_Repository/org/springframework/boot/spring-boot-devtools/2.7.6/spring-boot-devtools-2.7.6.jar:/opt/miracle_Repository/org/projectlombok/lombok/1.18.24/lombok-1.18.24.jar:"/>
    <property name="sun.cpu.endian" value="little"/>
    <property name="user.home" value="/Users/lishen"/>
    <property name="user.language" value="zh"/>
    <property name="java.specification.vendor" value="Oracle Corporation"/>
    <property name="java.home" value="/Library/Java/JavaVirtualMachines/zulu-8.jdk/Contents/Home/jre"/>
    <property name="basedir" value="/Users/lishen/IdeaProjects/miracle/miracle-chat-java/privapp"/>
    <property name="file.separator" value="/"/>
    <property name="line.separator" value="&#10;"/>
    <property name="jdk.vendor.version" value="Zulu 8.60.0.21-CA-macos-aarch64"/>
    <property name="java.vm.specification.vendor" value="Oracle Corporation"/>
    <property name="java.specification.name" value="Java Platform API Specification"/>
    <property name="java.awt.graphicsenv" value="sun.awt.CGraphicsEnvironment"/>
    <property name="surefire.real.class.path" value="/Users/lishen/IdeaProjects/miracle/miracle-chat-java/privapp/target/surefire/surefirebooter2874501924524912942.jar"/>
    <property name="sun.boot.class.path" value="/Library/Java/JavaVirtualMachines/zulu-8.jdk/Contents/Home/jre/lib/resources.jar:/Library/Java/JavaVirtualMachines/zulu-8.jdk/Contents/Home/jre/lib/rt.jar:/Library/Java/JavaVirtualMachines/zulu-8.jdk/Contents/Home/jre/lib/sunrsasign.jar:/Library/Java/JavaVirtualMachines/zulu-8.jdk/Contents/Home/jre/lib/jsse.jar:/Library/Java/JavaVirtualMachines/zulu-8.jdk/Contents/Home/jre/lib/jce.jar:/Library/Java/JavaVirtualMachines/zulu-8.jdk/Contents/Home/jre/lib/charsets.jar:/Library/Java/JavaVirtualMachines/zulu-8.jdk/Contents/Home/jre/lib/jfr.jar:/Library/Java/JavaVirtualMachines/zulu-8.jdk/Contents/Home/jre/lib/cat.jar:/Library/Java/JavaVirtualMachines/zulu-8.jdk/Contents/Home/jre/classes"/>
    <property name="sun.management.compiler" value="HotSpot 64-Bit Tiered Compilers"/>
    <property name="java.runtime.version" value="1.8.0_322-b06"/>
    <property name="user.name" value="lishen"/>
    <property name="path.separator" value=":"/>
    <property name="os.version" value="13.2.1"/>
    <property name="java.endorsed.dirs" value="/Library/Java/JavaVirtualMachines/zulu-8.jdk/Contents/Home/jre/lib/endorsed"/>
    <property name="java.runtime.name" value="OpenJDK Runtime Environment"/>
    <property name="file.encoding" value="UTF-8"/>
    <property name="java.vm.name" value="OpenJDK 64-Bit Server VM"/>
    <property name="localRepository" value="/opt/miracle_Repository"/>
    <property name="java.vendor.url.bug" value="http://www.azul.com/support/"/>
    <property name="java.io.tmpdir" value="/var/folders/_n/dr4w5mgs33n6dd_x26rq2j7w0000gn/T/"/>
    <property name="idea.version" value="2022.3.3"/>
    <property name="java.version" value="1.8.0_322"/>
    <property name="user.dir" value="/Users/lishen/IdeaProjects/miracle/miracle-chat-java/privapp"/>
    <property name="os.arch" value="aarch64"/>
    <property name="java.vm.specification.name" value="Java Virtual Machine Specification"/>
    <property name="java.awt.printerjob" value="sun.lwawt.macosx.CPrinterJob"/>
    <property name="sun.os.patch.level" value="unknown"/>
    <property name="java.library.path" value="/Users/lishen/Library/Java/Extensions:/Library/Java/Extensions:/Network/Library/Java/Extensions:/System/Library/Java/Extensions:/usr/lib/java:."/>
    <property name="java.vm.info" value="mixed mode"/>
    <property name="java.vendor" value="Azul Systems, Inc."/>
    <property name="java.vm.version" value="25.322-b06"/>
    <property name="java.ext.dirs" value="/Users/lishen/Library/Java/Extensions:/Library/Java/JavaVirtualMachines/zulu-8.jdk/Contents/Home/jre/lib/ext:/Library/Java/Extensions:/Network/Library/Java/Extensions:/System/Library/Java/Extensions:/usr/lib/java"/>
    <property name="sun.io.unicode.encoding" value="UnicodeBig"/>
    <property name="maven.repo.local" value="/opt/miracle_Repository"/>
    <property name="java.class.version" value="52.0"/>
  </properties>
  <testcase name="contextLoads" classname="com.miracle.privapp.PrivappApplicationTests" time="0.12"/>
</testsuite>